mode: set
github.com/calvarado2004/go-concurrency/cmd/web/main.go:28.13,80.2 13 0
github.com/calvarado2004/go-concurrency/cmd/web/main.go:82.38,83.6 1 0
github.com/calvarado2004/go-concurrency/cmd/web/main.go:83.6,84.10 1 0
github.com/calvarado2004/go-concurrency/cmd/web/main.go:85.31,86.29 1 0
github.com/calvarado2004/go-concurrency/cmd/web/main.go:87.28,88.10 1 0
github.com/calvarado2004/go-concurrency/cmd/web/main.go:93.28,103.16 4 0
github.com/calvarado2004/go-concurrency/cmd/web/main.go:103.16,105.3 1 0
github.com/calvarado2004/go-concurrency/cmd/web/main.go:109.34,113.17 2 0
github.com/calvarado2004/go-concurrency/cmd/web/main.go:117.2,117.13 1 0
github.com/calvarado2004/go-concurrency/cmd/web/main.go:113.17,115.3 1 0
github.com/calvarado2004/go-concurrency/cmd/web/main.go:120.39,126.6 3 0
github.com/calvarado2004/go-concurrency/cmd/web/main.go:126.6,128.17 2 0
github.com/calvarado2004/go-concurrency/cmd/web/main.go:135.3,135.18 1 0
github.com/calvarado2004/go-concurrency/cmd/web/main.go:139.3,142.11 4 0
github.com/calvarado2004/go-concurrency/cmd/web/main.go:128.17,130.4 1 0
github.com/calvarado2004/go-concurrency/cmd/web/main.go:130.9,133.4 2 0
github.com/calvarado2004/go-concurrency/cmd/web/main.go:135.18,137.4 1 0
github.com/calvarado2004/go-concurrency/cmd/web/main.go:148.42,151.16 2 0
github.com/calvarado2004/go-concurrency/cmd/web/main.go:155.2,156.16 2 0
github.com/calvarado2004/go-concurrency/cmd/web/main.go:160.2,160.16 1 0
github.com/calvarado2004/go-concurrency/cmd/web/main.go:151.16,153.3 1 0
github.com/calvarado2004/go-concurrency/cmd/web/main.go:156.16,158.3 1 0
github.com/calvarado2004/go-concurrency/cmd/web/main.go:163.40,174.2 8 0
github.com/calvarado2004/go-concurrency/cmd/web/main.go:176.30,180.36 1 0
github.com/calvarado2004/go-concurrency/cmd/web/main.go:185.2,185.18 1 0
github.com/calvarado2004/go-concurrency/cmd/web/main.go:180.36,182.4 1 0
github.com/calvarado2004/go-concurrency/cmd/web/main.go:188.40,198.2 5 0
github.com/calvarado2004/go-concurrency/cmd/web/main.go:200.31,218.2 10 0
github.com/calvarado2004/go-concurrency/cmd/web/main.go:220.38,242.2 6 0
github.com/calvarado2004/go-concurrency/cmd/web/middleware.go:5.64,7.2 1 1
github.com/calvarado2004/go-concurrency/cmd/web/middleware.go:9.57,11.71 1 1
github.com/calvarado2004/go-concurrency/cmd/web/middleware.go:11.71,12.49 1 0
github.com/calvarado2004/go-concurrency/cmd/web/middleware.go:19.3,19.23 1 0
github.com/calvarado2004/go-concurrency/cmd/web/middleware.go:12.49,17.4 4 0
github.com/calvarado2004/go-concurrency/cmd/web/handlers.go:16.69,20.2 1 1
github.com/calvarado2004/go-concurrency/cmd/web/handlers.go:22.70,24.2 1 1
github.com/calvarado2004/go-concurrency/cmd/web/handlers.go:26.74,33.16 3 1
github.com/calvarado2004/go-concurrency/cmd/web/handlers.go:39.2,43.16 4 1
github.com/calvarado2004/go-concurrency/cmd/web/handlers.go:50.2,51.16 2 1
github.com/calvarado2004/go-concurrency/cmd/web/handlers.go:57.2,57.20 1 1
github.com/calvarado2004/go-concurrency/cmd/web/handlers.go:70.2,76.47 4 1
github.com/calvarado2004/go-concurrency/cmd/web/handlers.go:33.16,35.3 1 0
github.com/calvarado2004/go-concurrency/cmd/web/handlers.go:43.16,47.3 3 0
github.com/calvarado2004/go-concurrency/cmd/web/handlers.go:51.16,55.3 3 0
github.com/calvarado2004/go-concurrency/cmd/web/handlers.go:57.20,67.3 5 0
github.com/calvarado2004/go-concurrency/cmd/web/handlers.go:80.71,87.2 3 1
github.com/calvarado2004/go-concurrency/cmd/web/handlers.go:89.73,92.2 1 1
github.com/calvarado2004/go-concurrency/cmd/web/handlers.go:94.77,97.16 2 0
github.com/calvarado2004/go-concurrency/cmd/web/handlers.go:104.2,115.16 3 0
github.com/calvarado2004/go-concurrency/cmd/web/handlers.go:122.2,136.78 6 0
github.com/calvarado2004/go-concurrency/cmd/web/handlers.go:97.16,99.3 1 0
github.com/calvarado2004/go-concurrency/cmd/web/handlers.go:115.16,119.3 3 0
github.com/calvarado2004/go-concurrency/cmd/web/handlers.go:141.76,148.11 4 1
github.com/calvarado2004/go-concurrency/cmd/web/handlers.go:155.2,156.16 2 0
github.com/calvarado2004/go-concurrency/cmd/web/handlers.go:162.2,164.16 3 0
github.com/calvarado2004/go-concurrency/cmd/web/handlers.go:170.2,171.52 2 0
github.com/calvarado2004/go-concurrency/cmd/web/handlers.go:148.11,152.3 3 1
github.com/calvarado2004/go-concurrency/cmd/web/handlers.go:156.16,160.3 3 0
github.com/calvarado2004/go-concurrency/cmd/web/handlers.go:164.16,168.3 3 0
github.com/calvarado2004/go-concurrency/cmd/web/handlers.go:175.76,181.16 3 0
github.com/calvarado2004/go-concurrency/cmd/web/handlers.go:187.2,191.16 3 0
github.com/calvarado2004/go-concurrency/cmd/web/handlers.go:198.2,199.9 2 0
github.com/calvarado2004/go-concurrency/cmd/web/handlers.go:206.2,208.12 2 0
github.com/calvarado2004/go-concurrency/cmd/web/handlers.go:227.2,228.12 2 0
github.com/calvarado2004/go-concurrency/cmd/web/handlers.go:256.2,257.16 2 0
github.com/calvarado2004/go-concurrency/cmd/web/handlers.go:263.2,264.16 2 0
github.com/calvarado2004/go-concurrency/cmd/web/handlers.go:270.2,274.60 3 0
github.com/calvarado2004/go-concurrency/cmd/web/handlers.go:181.16,185.3 3 0
github.com/calvarado2004/go-concurrency/cmd/web/handlers.go:191.16,195.3 3 0
github.com/calvarado2004/go-concurrency/cmd/web/handlers.go:199.9,203.3 3 0
github.com/calvarado2004/go-concurrency/cmd/web/handlers.go:208.12,211.17 3 0
github.com/calvarado2004/go-concurrency/cmd/web/handlers.go:216.3,223.21 2 0
github.com/calvarado2004/go-concurrency/cmd/web/handlers.go:211.17,214.4 1 0
github.com/calvarado2004/go-concurrency/cmd/web/handlers.go:228.12,234.17 4 0
github.com/calvarado2004/go-concurrency/cmd/web/handlers.go:238.3,252.70 3 0
github.com/calvarado2004/go-concurrency/cmd/web/handlers.go:234.17,236.4 1 0
github.com/calvarado2004/go-concurrency/cmd/web/handlers.go:257.16,261.3 3 0
github.com/calvarado2004/go-concurrency/cmd/web/handlers.go:264.16,268.3 3 0
github.com/calvarado2004/go-concurrency/cmd/web/handlers.go:279.80,284.2 2 0
github.com/calvarado2004/go-concurrency/cmd/web/handlers.go:287.81,314.2 15 0
github.com/calvarado2004/go-concurrency/cmd/web/handlers.go:316.79,319.16 2 0
github.com/calvarado2004/go-concurrency/cmd/web/handlers.go:323.2,329.4 3 0
github.com/calvarado2004/go-concurrency/cmd/web/handlers.go:319.16,321.3 1 0
github.com/calvarado2004/go-concurrency/cmd/web/helpers.go:3.43,6.2 2 0
github.com/calvarado2004/go-concurrency/cmd/web/mailer.go:43.36,44.6 1 0
github.com/calvarado2004/go-concurrency/cmd/web/mailer.go:44.6,45.10 1 0
github.com/calvarado2004/go-concurrency/cmd/web/mailer.go:46.39,47.53 1 0
github.com/calvarado2004/go-concurrency/cmd/web/mailer.go:48.38,49.29 1 0
github.com/calvarado2004/go-concurrency/cmd/web/mailer.go:50.30,51.10 1 0
github.com/calvarado2004/go-concurrency/cmd/web/mailer.go:56.60,60.24 2 0
github.com/calvarado2004/go-concurrency/cmd/web/mailer.go:64.2,64.20 1 0
github.com/calvarado2004/go-concurrency/cmd/web/mailer.go:68.2,68.24 1 0
github.com/calvarado2004/go-concurrency/cmd/web/mailer.go:72.2,72.30 1 0
github.com/calvarado2004/go-concurrency/cmd/web/mailer.go:80.2,80.27 1 0
github.com/calvarado2004/go-concurrency/cmd/web/mailer.go:84.2,88.16 3 0
github.com/calvarado2004/go-concurrency/cmd/web/mailer.go:93.2,94.16 2 0
github.com/calvarado2004/go-concurrency/cmd/web/mailer.go:98.2,110.16 11 0
github.com/calvarado2004/go-concurrency/cmd/web/mailer.go:114.2,119.30 5 0
github.com/calvarado2004/go-concurrency/cmd/web/mailer.go:125.2,125.32 1 0
github.com/calvarado2004/go-concurrency/cmd/web/mailer.go:131.2,132.16 2 0
github.com/calvarado2004/go-concurrency/cmd/web/mailer.go:60.24,62.3 1 0
github.com/calvarado2004/go-concurrency/cmd/web/mailer.go:64.20,66.3 1 0
github.com/calvarado2004/go-concurrency/cmd/web/mailer.go:68.24,70.3 1 0
github.com/calvarado2004/go-concurrency/cmd/web/mailer.go:72.30,74.3 1 0
github.com/calvarado2004/go-concurrency/cmd/web/mailer.go:80.27,82.3 1 0
github.com/calvarado2004/go-concurrency/cmd/web/mailer.go:88.16,90.3 1 0
github.com/calvarado2004/go-concurrency/cmd/web/mailer.go:94.16,96.3 1 0
github.com/calvarado2004/go-concurrency/cmd/web/mailer.go:110.16,112.3 1 0
github.com/calvarado2004/go-concurrency/cmd/web/mailer.go:119.30,120.46 1 0
github.com/calvarado2004/go-concurrency/cmd/web/mailer.go:120.46,122.4 1 0
github.com/calvarado2004/go-concurrency/cmd/web/mailer.go:125.32,126.51 1 0
github.com/calvarado2004/go-concurrency/cmd/web/mailer.go:126.51,128.4 1 0
github.com/calvarado2004/go-concurrency/cmd/web/mailer.go:132.16,134.3 1 0
github.com/calvarado2004/go-concurrency/cmd/web/mailer.go:137.60,142.16 3 0
github.com/calvarado2004/go-concurrency/cmd/web/mailer.go:146.2,148.68 2 0
github.com/calvarado2004/go-concurrency/cmd/web/mailer.go:152.2,154.16 3 0
github.com/calvarado2004/go-concurrency/cmd/web/mailer.go:158.2,158.30 1 0
github.com/calvarado2004/go-concurrency/cmd/web/mailer.go:142.16,144.3 1 0
github.com/calvarado2004/go-concurrency/cmd/web/mailer.go:148.68,150.3 1 0
github.com/calvarado2004/go-concurrency/cmd/web/mailer.go:154.16,156.3 1 0
github.com/calvarado2004/go-concurrency/cmd/web/mailer.go:162.61,167.16 3 0
github.com/calvarado2004/go-concurrency/cmd/web/mailer.go:171.2,173.68 2 0
github.com/calvarado2004/go-concurrency/cmd/web/mailer.go:177.2,178.16 2 0
github.com/calvarado2004/go-concurrency/cmd/web/mailer.go:182.2,182.26 1 0
github.com/calvarado2004/go-concurrency/cmd/web/mailer.go:167.16,169.3 1 0
github.com/calvarado2004/go-concurrency/cmd/web/mailer.go:173.68,175.3 1 0
github.com/calvarado2004/go-concurrency/cmd/web/mailer.go:178.16,180.3 1 0
github.com/calvarado2004/go-concurrency/cmd/web/mailer.go:185.52,193.16 3 0
github.com/calvarado2004/go-concurrency/cmd/web/mailer.go:197.2,198.16 2 0
github.com/calvarado2004/go-concurrency/cmd/web/mailer.go:202.2,202.18 1 0
github.com/calvarado2004/go-concurrency/cmd/web/mailer.go:193.16,195.3 1 0
github.com/calvarado2004/go-concurrency/cmd/web/mailer.go:198.16,200.3 1 0
github.com/calvarado2004/go-concurrency/cmd/web/mailer.go:205.65,207.20 1 0
github.com/calvarado2004/go-concurrency/cmd/web/mailer.go:208.13,209.33 1 0
github.com/calvarado2004/go-concurrency/cmd/web/mailer.go:210.13,211.31 1 0
github.com/calvarado2004/go-concurrency/cmd/web/mailer.go:212.14,213.29 1 0
github.com/calvarado2004/go-concurrency/cmd/web/mailer.go:214.10,215.33 1 0
github.com/calvarado2004/go-concurrency/cmd/web/render.go:26.113,39.44 4 1
github.com/calvarado2004/go-concurrency/cmd/web/render.go:43.2,43.25 1 1
github.com/calvarado2004/go-concurrency/cmd/web/render.go:47.2,48.16 2 1
github.com/calvarado2004/go-concurrency/cmd/web/render.go:54.2,54.77 1 1
github.com/calvarado2004/go-concurrency/cmd/web/render.go:39.44,41.3 1 1
github.com/calvarado2004/go-concurrency/cmd/web/render.go:43.25,45.3 1 1
github.com/calvarado2004/go-concurrency/cmd/web/render.go:48.16,52.3 3 0
github.com/calvarado2004/go-concurrency/cmd/web/render.go:54.77,58.3 3 0
github.com/calvarado2004/go-concurrency/cmd/web/render.go:61.84,67.22 5 1
github.com/calvarado2004/go-concurrency/cmd/web/render.go:80.2,82.11 2 1
github.com/calvarado2004/go-concurrency/cmd/web/render.go:67.22,71.10 2 0
github.com/calvarado2004/go-concurrency/cmd/web/render.go:71.10,74.4 2 0
github.com/calvarado2004/go-concurrency/cmd/web/render.go:74.9,76.4 1 0
github.com/calvarado2004/go-concurrency/cmd/web/render.go:85.58,89.2 2 1
github.com/calvarado2004/go-concurrency/cmd/web/routes.go:9.42,24.70 11 1
github.com/calvarado2004/go-concurrency/cmd/web/routes.go:44.2,46.12 2 1
github.com/calvarado2004/go-concurrency/cmd/web/routes.go:24.70,42.3 3 0
github.com/calvarado2004/go-concurrency/cmd/web/routes.go:49.46,58.2 5 1
github.com/calvarado2004/go-concurrency/cmd/web/signer.go:15.21,17.2 1 0
github.com/calvarado2004/go-concurrency/cmd/web/signer.go:20.50,24.33 3 0
github.com/calvarado2004/go-concurrency/cmd/web/signer.go:30.2,33.14 3 0
github.com/calvarado2004/go-concurrency/cmd/web/signer.go:24.33,26.3 1 0
github.com/calvarado2004/go-concurrency/cmd/web/signer.go:26.8,28.3 1 0
github.com/calvarado2004/go-concurrency/cmd/web/signer.go:37.37,41.16 3 1
github.com/calvarado2004/go-concurrency/cmd/web/signer.go:47.2,47.13 1 0
github.com/calvarado2004/go-concurrency/cmd/web/signer.go:41.16,45.3 1 1
github.com/calvarado2004/go-concurrency/cmd/web/signer.go:52.57,58.2 3 0
